2014-05-28 21:42:17.062 HelloCordova[1178:70b] Multi-tasking -> Device: YES, App: YES
2014-05-28 21:42:17.089 HelloCordova[1178:70b] Unlimited access to network resources
2014-05-28 21:42:17.236 HelloCordova[1178:70b] [CDVTimer][keyboard] 0.081003ms
2014-05-28 21:42:17.236 HelloCordova[1178:70b] CDVPlugin class CDVStatusBar (pluginName: statusbar) does not exist.
2014-05-28 21:42:17.236 HelloCordova[1178:70b] [CDVTimer][statusbar] 0.371993ms
2014-05-28 21:42:17.237 HelloCordova[1178:70b] [CDVTimer][TotalPluginStartup] 1.273036ms
2014-05-28 21:42:17.381 HelloCordova[1178:70b] Resetting plugins due to page load.
2014-05-28 21:42:17.578 HelloCordova[1178:70b] Finished load of: file:///Users/kho/Library/Application%20Support/iPhone%20Simulator/7.1/Applications/58DF1C62-06FF-40DE-B1CA-FA313E228506/HelloCordova.app/www/index.html#/app/playlists
2014-05-28 22:34:41.975 HelloCordova[1453:70b] Multi-tasking -> Device: YES, App: YES
2014-05-28 22:34:41.982 HelloCordova[1453:70b] Unlimited access to network resources
2014-05-28 22:34:41.999 HelloCordova[1453:70b] [CDVTimer][keyboard] 0.056982ms
2014-05-28 22:34:41.999 HelloCordova[1453:70b] CDVPlugin class CDVStatusBar (pluginName: statusbar) does not exist.
2014-05-28 22:34:42.000 HelloCordova[1453:70b] [CDVTimer][statusbar] 0.331998ms
2014-05-28 22:34:42.000 HelloCordova[1453:70b] [CDVTimer][TotalPluginStartup] 1.152992ms
2014-05-28 22:34:42.037 HelloCordova[1453:70b] Resetting plugins due to page load.
2014-05-28 22:34:42.138 HelloCordova[1453:70b] Finished load of: file:///Users/kho/Library/Application%20Support/iPhone%20Simulator/7.1/Applications/58DF1C62-06FF-40DE-B1CA-FA313E228506/HelloCordova.app/www/index.html#/app/playlists
Terminating in response to SpringBoard's termination.
2014-05-29 20:20:13.843 HelloCordova[2250:70b] Multi-tasking -> Device: YES, App: YES
2014-05-29 20:20:13.895 HelloCordova[2250:70b] Unlimited access to network resources
2014-05-29 20:20:14.034 HelloCordova[2250:70b] [CDVTimer][keyboard] 0.095010ms
2014-05-29 20:20:14.034 HelloCordova[2250:70b] CDVPlugin class CDVStatusBar (pluginName: statusbar) does not exist.
2014-05-29 20:20:14.035 HelloCordova[2250:70b] [CDVTimer][statusbar] 0.462055ms
2014-05-29 20:20:14.035 HelloCordova[2250:70b] [CDVTimer][TotalPluginStartup] 1.514018ms
2014-05-29 20:20:14.201 HelloCordova[2250:70b] Resetting plugins due to page load.
2014-05-29 20:20:14.771 HelloCordova[2250:70b] Finished load of: file:///Users/kho/Library/Application%20Support/iPhone%20Simulator/7.1/Applications/58DF1C62-06FF-40DE-B1CA-FA313E228506/HelloCordova.app/www/index.html#/app/playlists
2014-05-30 22:30:33.147 HelloCordova[4229:70b] Multi-tasking -> Device: YES, App: YES
2014-05-30 22:30:33.235 HelloCordova[4229:70b] Unlimited access to network resources
2014-05-30 22:30:33.485 HelloCordova[4229:70b] [CDVTimer][keyboard] 0.093997ms
2014-05-30 22:30:33.486 HelloCordova[4229:70b] CDVPlugin class CDVStatusBar (pluginName: statusbar) does not exist.
2014-05-30 22:30:33.487 HelloCordova[4229:70b] [CDVTimer][statusbar] 0.715971ms
2014-05-30 22:30:33.487 HelloCordova[4229:70b] [CDVTimer][TotalPluginStartup] 1.980960ms
2014-05-30 22:30:33.746 HelloCordova[4229:70b] Resetting plugins due to page load.
2014-05-30 22:30:34.220 HelloCordova[4229:70b] Finished load of: file:///Users/kho/Library/Application%20Support/iPhone%20Simulator/7.1/Applications/58DF1C62-06FF-40DE-B1CA-FA313E228506/HelloCordova.app/www/index.html#/app/playlists
2014-05-30 22:30:34.408 HelloCordova[4229:70b] setting movie path: 
2014-05-30 22:30:34.529 HelloCordova[4229:70b] setting movie path: 
2014-05-30 22:30:34.735 HelloCordova[4229:70b] THREAD WARNING: ['Device'] took '11.688965' ms. Plugin should use a background thread.
2014-05-30 22:31:03.904 HelloCordova[4229:70b] {"title":"Hot","id":2,"$$hashKey":"00F"}
2014-05-30 22:31:08.192 HelloCordova[4229:70b] {"title":"Hot","id":2,"$$hashKey":"00F"}
2014-05-30 22:31:11.221 HelloCordova[4229:70b] setting movie path: http://share-find.com/ytmp3/toMp3.php?mp3=Who_Says-Selena_Gomez-_Megan_Nicole_and_Tiffany_Alvord_cover_-zg9xS87wgU.mp3
2014-05-30 22:31:11.238 HelloCordova[4229:70b] setting movie path: 
2014-05-30 22:31:11.240 HelloCordova[4229:70b] setting movie path: http://share-find.com/ytmp3/toMp3.php?mp3=Who_Says-Selena_Gomez-_Megan_Nicole_and_Tiffany_Alvord_cover_-zg9xS87wgU.mp3
2014-05-30 22:31:11.467 HelloCordova[4229:5d17] RTCReporting: resolve from http://pancake.apple.com/bags/hls?version=4.12
2014-05-30 22:37:37.308 HelloCordova[4229:70b] {"title":"Hot","id":2,"$$hashKey":"00F"}
2014-05-30 22:37:40.227 HelloCordova[4229:70b] {"title":"Latest","id":1,"$$hashKey":"00E"}
2014-05-30 22:43:16.090 HelloCordova[4418:70b] Multi-tasking -> Device: YES, App: YES
2014-05-30 22:43:16.097 HelloCordova[4418:70b] Unlimited access to network resources
2014-05-30 22:43:16.115 HelloCordova[4418:70b] [CDVTimer][keyboard] 0.070989ms
2014-05-30 22:43:16.115 HelloCordova[4418:70b] CDVPlugin class CDVStatusBar (pluginName: statusbar) does not exist.
2014-05-30 22:43:16.116 HelloCordova[4418:70b] [CDVTimer][statusbar] 0.432014ms
2014-05-30 22:43:16.116 HelloCordova[4418:70b] [CDVTimer][TotalPluginStartup] 1.451969ms
2014-05-30 22:43:16.208 HelloCordova[4418:70b] Resetting plugins due to page load.
2014-05-30 22:43:16.305 HelloCordova[4418:70b] Finished load of: file:///Users/kho/Library/Application%20Support/iPhone%20Simulator/7.1/Applications/58DF1C62-06FF-40DE-B1CA-FA313E228506/HelloCordova.app/www/index.html#/app/playlists
2014-05-30 22:43:16.349 HelloCordova[4418:70b] setting movie path: 
2014-05-30 22:43:16.390 HelloCordova[4418:70b] setting movie path: 
May 30 22:44:07 kelvinhos-MacBook-Pro.local HelloCordova[4418] <Error>: CGImageCreate: invalid image size: 0 x 0.
May 30 22:44:07 kelvinhos-MacBook-Pro.local HelloCordova[4418] <Error>: CGImageCreate: invalid image size: 0 x 0.
2014-05-30 22:44:11.671 HelloCordova[4418:70b] {"title":"Hot","id":2,"$$hashKey":"00F"}
2014-05-30 22:44:12.878 HelloCordova[4418:70b] setting movie path: http://share-find.com/ytmp3/toMp3.php?mp3=Who_Says-Selena_Gomez-_Megan_Nicole_and_Tiffany_Alvord_cover_-zg9xS87wgU.mp3
2014-05-30 22:44:12.883 HelloCordova[4418:70b] setting movie path: 
2014-05-30 22:44:12.884 HelloCordova[4418:70b] setting movie path: http://share-find.com/ytmp3/toMp3.php?mp3=Who_Says-Selena_Gomez-_Megan_Nicole_and_Tiffany_Alvord_cover_-zg9xS87wgU.mp3
2014-05-30 22:44:13.110 HelloCordova[4418:8d23] RTCReporting: resolve from http://pancake.apple.com/bags/hls?version=4.12
2014-05-30 22:45:17.552 HelloCordova[4598:70b] Multi-tasking -> Device: YES, App: YES
2014-05-30 22:45:17.559 HelloCordova[4598:70b] Unlimited access to network resources
2014-05-30 22:45:17.573 HelloCordova[4598:70b] [CDVTimer][keyboard] 0.055015ms
2014-05-30 22:45:17.574 HelloCordova[4598:70b] CDVPlugin class CDVStatusBar (pluginName: statusbar) does not exist.
2014-05-30 22:45:17.574 HelloCordova[4598:70b] [CDVTimer][statusbar] 0.406981ms
2014-05-30 22:45:17.574 HelloCordova[4598:70b] [CDVTimer][TotalPluginStartup] 1.258969ms
2014-05-30 22:45:17.609 HelloCordova[4598:70b] Resetting plugins due to page load.
2014-05-30 22:45:17.706 HelloCordova[4598:70b] Finished load of: file:///Users/kho/Library/Application%20Support/iPhone%20Simulator/7.1/Applications/58DF1C62-06FF-40DE-B1CA-FA313E228506/HelloCordova.app/www/index.html#/app/playlists
2014-05-30 22:45:17.745 HelloCordova[4598:70b] setting movie path: 
2014-05-30 22:45:17.788 HelloCordova[4598:70b] setting movie path: 
May 30 22:45:21 kelvinhos-MacBook-Pro.local HelloCordova[4598] <Error>: CGImageCreate: invalid image size: 0 x 0.
May 30 22:45:21 kelvinhos-MacBook-Pro.local HelloCordova[4598] <Error>: CGImageCreate: invalid image size: 0 x 0.
2014-05-30 22:45:28.160 HelloCordova[4598:70b] {"title":"Latest","id":1,"$$hashKey":"00E"}
2014-05-30 22:45:30.586 HelloCordova[4598:70b] setting movie path: http://share-find.com/ytmp3/toMp3.php?mp3=_2014-05-24_-__X4NiqSldop8.mp3
2014-05-30 22:45:30.589 HelloCordova[4598:70b] setting movie path: 
2014-05-30 22:45:30.591 HelloCordova[4598:70b] setting movie path: http://share-find.com/ytmp3/toMp3.php?mp3=_2014-05-24_-__X4NiqSldop8.mp3
2014-05-30 22:45:30.803 HelloCordova[4598:1203] RTCReporting: resolve from http://pancake.apple.com/bags/hls?version=4.12
2014-05-30 22:51:10.095 HelloCordova[4770:70b] Multi-tasking -> Device: YES, App: YES
2014-05-30 22:51:10.102 HelloCordova[4770:70b] Unlimited access to network resources
2014-05-30 22:51:10.118 HelloCordova[4770:70b] [CDVTimer][keyboard] 0.082970ms
2014-05-30 22:51:10.119 HelloCordova[4770:70b] CDVPlugin class CDVStatusBar (pluginName: statusbar) does not exist.
2014-05-30 22:51:10.119 HelloCordova[4770:70b] [CDVTimer][statusbar] 0.430048ms
2014-05-30 22:51:10.120 HelloCordova[4770:70b] [CDVTimer][TotalPluginStartup] 1.348972ms
2014-05-30 22:51:10.155 HelloCordova[4770:70b] Resetting plugins due to page load.
2014-05-30 22:51:10.247 HelloCordova[4770:70b] Finished load of: file:///Users/kho/Library/Application%20Support/iPhone%20Simulator/7.1/Applications/58DF1C62-06FF-40DE-B1CA-FA313E228506/HelloCordova.app/www/index.html#/app/playlists
2014-05-30 22:51:10.292 HelloCordova[4770:70b] setting movie path: 
2014-05-30 22:51:10.333 HelloCordova[4770:70b] setting movie path: 
May 30 22:51:11 kelvinhos-MacBook-Pro.local HelloCordova[4770] <Error>: CGImageCreate: invalid image size: 0 x 0.
May 30 22:51:11 kelvinhos-MacBook-Pro.local HelloCordova[4770] <Error>: CGImageCreate: invalid image size: 0 x 0.
2014-05-30 22:51:13.295 HelloCordova[4770:70b] {"title":"Latest","id":1,"$$hashKey":"00E"}
2014-05-30 22:51:14.450 HelloCordova[4770:70b] setting movie path: http://share-find.com/ytmp3/toMp3.php?mp3=Best_Motivational_Speech_Music_Eagle_Edition_2014_OjOPMQ0h6wE.mp3
2014-05-30 22:51:14.454 HelloCordova[4770:70b] setting movie path: 
2014-05-30 22:51:14.455 HelloCordova[4770:70b] setting movie path: http://share-find.com/ytmp3/toMp3.php?mp3=Best_Motivational_Speech_Music_Eagle_Edition_2014_OjOPMQ0h6wE.mp3
2014-05-30 22:51:14.663 HelloCordova[4770:5713] RTCReporting: resolve from http://pancake.apple.com/bags/hls?version=4.12
2014-05-30 22:51:55.170 HelloCordova[4770:70b] Received memory warning.
2014-05-31 08:18:23.569 HelloCordova[5089:70b] Multi-tasking -> Device: YES, App: YES
2014-05-31 08:18:23.579 HelloCordova[5089:70b] Unlimited access to network resources
2014-05-31 08:18:23.606 HelloCordova[5089:70b] [CDVTimer][keyboard] 0.087976ms
2014-05-31 08:18:23.606 HelloCordova[5089:70b] CDVPlugin class CDVStatusBar (pluginName: statusbar) does not exist.
2014-05-31 08:18:23.607 HelloCordova[5089:70b] [CDVTimer][statusbar] 0.495970ms
2014-05-31 08:18:23.607 HelloCordova[5089:70b] [CDVTimer][TotalPluginStartup] 1.763999ms
2014-05-31 08:18:23.733 HelloCordova[5089:70b] Resetting plugins due to page load.
2014-05-31 08:18:23.927 HelloCordova[5089:70b] Finished load of: file:///Users/kho/Library/Application%20Support/iPhone%20Simulator/7.1/Applications/58DF1C62-06FF-40DE-B1CA-FA313E228506/HelloCordova.app/www/index.html#/app/playlists
2014-05-31 08:18:23.998 HelloCordova[5089:70b] setting movie path: 
2014-05-31 08:18:24.061 HelloCordova[5089:70b] setting movie path: 
2014-05-31 08:18:44.949 HelloCordova[5089:70b] {"title":"Latest","id":1,"$$hashKey":"00E"}
2014-05-31 08:18:47.959 HelloCordova[5089:70b] setting movie path: http://share-find.com/ytmp3/toMp3.php?mp3=_2014-05-24_-__X4NiqSldop8.mp3
2014-05-31 08:18:47.962 HelloCordova[5089:70b] setting movie path: 
2014-05-31 08:18:47.963 HelloCordova[5089:70b] setting movie path: http://share-find.com/ytmp3/toMp3.php?mp3=_2014-05-24_-__X4NiqSldop8.mp3
2014-05-31 08:18:48.179 HelloCordova[5089:6b0f] RTCReporting: resolve from http://pancake.apple.com/bags/hls?version=4.12
2014-05-31 08:18:51.912 HelloCordova[5089:70b] {"title":"Latest","id":1,"$$hashKey":"00E"}
2014-05-31 08:18:56.889 HelloCordova[5089:70b] {"title":"Hot","id":2,"$$hashKey":"00F"}
2014-05-31 08:28:06.954 HelloCordova[5089:70b] Took background task assertion (11) for playback stall
2014-05-31 08:28:06.968 HelloCordova[5089:70b] setting movie path: 
2014-05-31 08:28:07.070 HelloCordova[5089:70b] Ending background task assertion (11) for playback stall
2014-05-31 08:28:07.490 HelloCordova[5089:70b] setting movie path: http://share-find.com/ytmp3/toMp3.php?mp3=SISTAR19_Ma_Boy_mirrored_Dance_Practice_Eng_Sub_ovVfLancwys.mp3
2014-05-31 08:28:07.492 HelloCordova[5089:70b] setting movie path: 
2014-05-31 08:28:07.493 HelloCordova[5089:70b] setting movie path: http://share-find.com/ytmp3/toMp3.php?mp3=SISTAR19_Ma_Boy_mirrored_Dance_Practice_Eng_Sub_ovVfLancwys.mp3
2014-05-31 08:29:07.108 HelloCordova[5323:70b] Multi-tasking -> Device: YES, App: YES
2014-05-31 08:29:07.118 HelloCordova[5323:70b] Unlimited access to network resources
2014-05-31 08:29:07.139 HelloCordova[5323:70b] [CDVTimer][keyboard] 0.088036ms
2014-05-31 08:29:07.140 HelloCordova[5323:70b] CDVPlugin class CDVStatusBar (pluginName: statusbar) does not exist.
2014-05-31 08:29:07.140 HelloCordova[5323:70b] [CDVTimer][statusbar] 0.473022ms
2014-05-31 08:29:07.141 HelloCordova[5323:70b] [CDVTimer][TotalPluginStartup] 1.493990ms
2014-05-31 08:29:07.264 HelloCordova[5323:70b] Resetting plugins due to page load.
2014-05-31 08:29:07.472 HelloCordova[5323:70b] Finished load of: file:///Users/kho/Library/Application%20Support/iPhone%20Simulator/7.1/Applications/58DF1C62-06FF-40DE-B1CA-FA313E228506/HelloCordova.app/www/index.html#/app/playlists
2014-05-31 08:29:07.582 HelloCordova[5323:70b] setting movie path: 
2014-05-31 08:29:07.655 HelloCordova[5323:70b] setting movie path: 
2014-05-31 08:29:09.816 HelloCordova[5323:70b] {"title":"Hot","id":2,"$$hashKey":"00F"}
2014-05-31 08:29:10.896 HelloCordova[5323:70b] setting movie path: http://share-find.com/ytmp3/toMp3.php?mp3=Who_Says-Selena_Gomez-_Megan_Nicole_and_Tiffany_Alvord_cover_-zg9xS87wgU.mp3
2014-05-31 08:29:10.899 HelloCordova[5323:70b] setting movie path: 
2014-05-31 08:29:10.900 HelloCordova[5323:70b] setting movie path: http://share-find.com/ytmp3/toMp3.php?mp3=Who_Says-Selena_Gomez-_Megan_Nicole_and_Tiffany_Alvord_cover_-zg9xS87wgU.mp3
2014-05-31 08:29:11.119 HelloCordova[5323:4513] RTCReporting: resolve from http://pancake.apple.com/bags/hls?version=4.12
Terminating in response to SpringBoard's termination.
2014-06-04 08:00:20.970 HelloCordova[3647:70b] Multi-tasking -> Device: YES, App: YES
2014-06-04 08:00:21.035 HelloCordova[3647:70b] Unlimited access to network resources
2014-06-04 08:00:21.394 HelloCordova[3647:70b] [CDVTimer][keyboard] 0.092030ms
2014-06-04 08:00:21.395 HelloCordova[3647:70b] CDVPlugin class CDVStatusBar (pluginName: statusbar) does not exist.
2014-06-04 08:00:21.395 HelloCordova[3647:70b] [CDVTimer][statusbar] 0.413954ms
2014-06-04 08:00:21.395 HelloCordova[3647:70b] [CDVTimer][TotalPluginStartup] 1.432002ms
2014-06-04 08:00:22.015 HelloCordova[3647:70b] Resetting plugins due to page load.
2014-06-04 08:00:22.601 HelloCordova[3647:70b] setting movie path: 
2014-06-04 08:00:22.744 HelloCordova[3647:70b] Finished load of: file:///Users/kho/Library/Application%20Support/iPhone%20Simulator/7.1/Applications/58DF1C62-06FF-40DE-B1CA-FA313E228506/HelloCordova.app/www/index.html#/app/playlists
2014-06-04 08:00:22.814 HelloCordova[3647:70b] setting movie path: 
2014-06-04 08:00:24.666 HelloCordova[3647:70b] {"title":"Latest","id":1,"$$hashKey":"00F"}
2014-06-04 08:00:31.364 HelloCordova[3647:70b] {"title":"Latest","id":1,"$$hashKey":"00F"}
2014-06-04 08:00:33.958 HelloCordova[3647:70b] setting movie path: http://share-find.com/ytmp3/toMp3.php?mp3=One_Direction_-_Story_of_My_Life_W-TE_Ys4iwM.mp3
2014-06-04 08:00:33.971 HelloCordova[3647:70b] setting movie path: 
2014-06-04 08:00:33.974 HelloCordova[3647:70b] setting movie path: http://share-find.com/ytmp3/toMp3.php?mp3=One_Direction_-_Story_of_My_Life_W-TE_Ys4iwM.mp3
2014-06-04 08:00:34.162 HelloCordova[3647:7f17] RTCReporting: resolve from http://pancake.apple.com/bags/hls?version=4.12
2014-06-04 08:00:52.123 HelloCordova[3647:70b] {"title":"Latest","id":1,"$$hashKey":"00F"}
2014-06-04 08:00:59.858 HelloCordova[3647:70b] {"title":"Hot","id":2,"$$hashKey":"00G"}
2014-06-04 08:01:03.351 HelloCordova[3647:70b] setting movie path: 
2014-06-04 08:01:03.580 HelloCordova[3647:70b] setting movie path: http://share-find.com/ytmp3/toMp3.php?mp3=_Stand_Alone_Vocalise1_2_3yoROVD-3KQ.mp3
2014-06-04 08:01:03.585 HelloCordova[3647:70b] setting movie path: 
2014-06-04 08:01:03.586 HelloCordova[3647:70b] setting movie path: http://share-find.com/ytmp3/toMp3.php?mp3=_Stand_Alone_Vocalise1_2_3yoROVD-3KQ.mp3
2014-06-04 08:10:07.773 HelloCordova[3647:70b] CDVWebViewDelegate: Navigation started when state=1
2014-06-04 08:10:07.774 HelloCordova[3647:70b] Failed to load webpage with error: CDVWebViewDelegate: Navigation started when state=1
2014-06-04 08:10:07.779 HelloCordova[3647:70b] Resetting plugins due to page load.
2014-06-04 08:10:08.615 HelloCordova[3647:70b] Failed to load webpage with error: The operation couldn’t be completed. (NSURLErrorDomain error -999.)
2014-06-04 08:11:52.002 HelloCordova[3888:70b] Multi-tasking -> Device: YES, App: YES
2014-06-04 08:11:52.012 HelloCordova[3888:70b] Unlimited access to network resources
2014-06-04 08:11:52.036 HelloCordova[3888:70b] [CDVTimer][keyboard] 0.086010ms
2014-06-04 08:11:52.036 HelloCordova[3888:70b] CDVPlugin class CDVStatusBar (pluginName: statusbar) does not exist.
2014-06-04 08:11:52.037 HelloCordova[3888:70b] [CDVTimer][statusbar] 0.335038ms
2014-06-04 08:11:52.037 HelloCordova[3888:70b] [CDVTimer][TotalPluginStartup] 1.224995ms
2014-06-04 08:11:52.173 HelloCordova[3888:70b] Resetting plugins due to page load.
2014-06-04 08:11:52.506 HelloCordova[3888:70b] setting movie path: 
2014-06-04 08:11:52.560 HelloCordova[3888:70b] Finished load of: file:///Users/kho/Library/Application%20Support/iPhone%20Simulator/7.1/Applications/CC06A99E-9D2C-488D-8B0B-172066E00D35/HelloCordova.app/www/index.html#/app/playlists
2014-06-04 08:11:52.578 HelloCordova[3888:70b] setting movie path: 
2014-06-04 08:11:55.730 HelloCordova[3888:70b] {"title":"Latest","id":1,"$$hashKey":"00F"}
2014-06-04 08:11:58.833 HelloCordova[3888:70b] {"title":"Hot","id":2,"$$hashKey":"00G"}
2014-06-04 08:12:00.505 HelloCordova[3888:70b] setting movie path: http://share-find.com/ytmp3/toMp3.php?mp3=Who_Says-Selena_Gomez-_Megan_Nicole_and_Tiffany_Alvord_cover_-zg9xS87wgU.mp3
2014-06-04 08:12:00.510 HelloCordova[3888:70b] setting movie path: 
2014-06-04 08:12:00.512 HelloCordova[3888:70b] setting movie path: http://share-find.com/ytmp3/toMp3.php?mp3=Who_Says-Selena_Gomez-_Megan_Nicole_and_Tiffany_Alvord_cover_-zg9xS87wgU.mp3
2014-06-04 08:12:00.682 HelloCordova[3888:1203] RTCReporting: resolve from http://pancake.apple.com/bags/hls?version=4.12
2014-06-04 08:12:23.896 HelloCordova[3888:70b] Resetting plugins due to page load.
2014-06-04 08:12:24.153 HelloCordova[3888:70b] Failed to load webpage with error: Plug-in handled load
2014-06-04 08:12:24.302 HelloCordova[3888:70b] setting movie path: http://share-find.com/ytmp3/toMp3.php?mp3=Who_Says-Selena_Gomez-_Megan_Nicole_and_Tiffany_Alvord_cover_-zg9xS87wgU.mp3
2014-06-04 08:12:29.726 HelloCordova[3888:70b] Resetting plugins due to page load.
2014-06-04 08:12:29.823 HelloCordova[3888:70b] setting movie path: 
2014-06-04 08:12:29.884 HelloCordova[3888:70b] setting movie path: 
2014-06-04 08:12:30.010 HelloCordova[3888:70b] Finished load of: file:///Users/kho/Library/Application%20Support/iPhone%20Simulator/7.1/Applications/CC06A99E-9D2C-488D-8B0B-172066E00D35/HelloCordova.app/www/index.html#/app/player
2014-06-04 08:23:34.151 HelloCordova[4086:70b] Multi-tasking -> Device: YES, App: YES
2014-06-04 08:23:34.158 HelloCordova[4086:70b] Unlimited access to network resources
2014-06-04 08:23:34.174 HelloCordova[4086:70b] [CDVTimer][keyboard] 0.055015ms
2014-06-04 08:23:34.175 HelloCordova[4086:70b] CDVPlugin class CDVStatusBar (pluginName: statusbar) does not exist.
2014-06-04 08:23:34.175 HelloCordova[4086:70b] [CDVTimer][statusbar] 0.311017ms
2014-06-04 08:23:34.175 HelloCordova[4086:70b] [CDVTimer][TotalPluginStartup] 1.093984ms
2014-06-04 08:23:34.312 HelloCordova[4086:70b] Resetting plugins due to page load.
2014-06-04 08:23:34.507 HelloCordova[4086:70b] setting movie path: 
2014-06-04 08:23:34.546 HelloCordova[4086:70b] Finished load of: file:///Users/kho/Library/Application%20Support/iPhone%20Simulator/7.1/Applications/CC06A99E-9D2C-488D-8B0B-172066E00D35/HelloCordova.app/www/index.html#/app/playlists
2014-06-04 08:23:34.556 HelloCordova[4086:70b] setting movie path: 
Jun  4 08:24:28 kelvinhos-MacBook-Pro.local HelloCordova[4086] <Error>: CGImageCreate: invalid image size: 0 x 0.
Jun  4 08:24:28 kelvinhos-MacBook-Pro.local HelloCordova[4086] <Error>: CGImageCreate: invalid image size: 0 x 0.
2014-06-04 10:15:05.004 HelloCordova[4086:70b] {"title":"Latest","id":1,"$$hashKey":"00F"}
2014-06-04 10:15:05.028 HelloCordova[4086:70b] THREAD WARNING: ['Console'] took '23.952881' ms. Plugin should use a background thread.
2014-06-04 10:15:09.202 HelloCordova[4086:70b] setting movie path: http://share-find.com/ytmp3/toMp3.php?mp3=Ariana_Grande_-_Problem_Lyric_Video_ft_Iggy_Azalea_SoJ8s90NLc4.mp3
2014-06-04 10:15:09.226 HelloCordova[4086:70b] setting movie path: 
2014-06-04 10:15:09.227 HelloCordova[4086:70b] setting movie path: http://share-find.com/ytmp3/toMp3.php?mp3=Ariana_Grande_-_Problem_Lyric_Video_ft_Iggy_Azalea_SoJ8s90NLc4.mp3
2014-06-04 10:15:09.519 HelloCordova[4086:6923] RTCReporting: resolve from http://pancake.apple.com/bags/hls?version=4.12
2014-06-04 10:15:17.078 HelloCordova[4086:70b] {"title":"Latest","id":1,"$$hashKey":"00F"}
2014-06-04 10:15:21.498 HelloCordova[4086:70b] setting movie path: 
2014-06-04 10:15:21.861 HelloCordova[4086:70b] setting movie path: http://share-find.com/ytmp3/toMp3.php?mp3=One_Direction_-_Story_of_My_Life_W-TE_Ys4iwM.mp3
2014-06-04 10:15:21.863 HelloCordova[4086:70b] setting movie path: 
2014-06-04 10:15:21.864 HelloCordova[4086:70b] setting movie path: http://share-find.com/ytmp3/toMp3.php?mp3=One_Direction_-_Story_of_My_Life_W-TE_Ys4iwM.mp3
Terminating in response to SpringBoard's termination.
2014-06-04 12:24:05.130 HelloCordova[4650:70b] Multi-tasking -> Device: YES, App: YES
2014-06-04 12:24:05.151 HelloCordova[4650:70b] Unlimited access to network resources
2014-06-04 12:24:05.187 HelloCordova[4650:70b] [CDVTimer][keyboard] 0.091016ms
2014-06-04 12:24:05.188 HelloCordova[4650:70b] CDVPlugin class CDVStatusBar (pluginName: statusbar) does not exist.
2014-06-04 12:24:05.189 HelloCordova[4650:70b] [CDVTimer][statusbar] 0.564039ms
2014-06-04 12:24:05.189 HelloCordova[4650:70b] [CDVTimer][TotalPluginStartup] 1.690030ms
2014-06-04 12:24:05.358 HelloCordova[4650:70b] Resetting plugins due to page load.
2014-06-04 12:24:06.044 HelloCordova[4650:70b] setting movie path: 
Jun  4 12:24:06 kelvinhos-mbp HelloCordova[4650] <Error>: CGImageCreate: invalid image size: 0 x 0.
2014-06-04 12:24:06.652 HelloCordova[4650:70b] Finished load of: file:///Users/kho/Library/Application%20Support/iPhone%20Simulator/7.1/Applications/CC06A99E-9D2C-488D-8B0B-172066E00D35/HelloCordova.app/www/index.html#/app/playlists
2014-06-04 12:24:06.691 HelloCordova[4650:70b] setting movie path: 
2014-06-04 12:24:07.966 HelloCordova[4650:70b] {"title":"Latest","id":1,"$$hashKey":"00F"}
2014-06-04 12:24:09.118 HelloCordova[4650:70b] setting movie path: http://share-find.com/ytmp3/toMp3.php?mp3=4Count_-_Epic_lsE_J6yskQE.mp3
2014-06-04 12:24:09.124 HelloCordova[4650:70b] setting movie path: 
2014-06-04 12:24:09.126 HelloCordova[4650:70b] setting movie path: http://share-find.com/ytmp3/toMp3.php?mp3=4Count_-_Epic_lsE_J6yskQE.mp3
2014-06-04 12:24:09.472 HelloCordova[4650:2303] RTCReporting: resolve from http://pancake.apple.com/bags/hls?version=4.12
2014-06-04 12:24:17.730 HelloCordova[4650:70b] {"title":"Hot","id":2,"$$hashKey":"00G"}
2014-06-04 12:24:23.320 HelloCordova[4650:70b] {"title":"Hot","id":2,"$$hashKey":"00G"}
